Running file project.
ELF Entry @ 0x80000000
CSR mstatus <- 0x0000000000000000 (input: 0x00000000)
mem[X,0b0000000000000000000001000000000000] -> 0x0297
mem[X,0b0000000000000000000001000000000010] -> 0x0000
[0] [M]: 0x00001000 (0x00000297) auipc t0, 0x0
x5 <- 0x00001000
mem[X,0b0000000000000000000001000000000100] -> 0x8593
mem[X,0b0000000000000000000001000000000110] -> 0x0202
[1] [M]: 0x00001004 (0x02028593) addi a1, t0, 0x20
x11 <- 0x00001020
mem[X,0b0000000000000000000001000000001000] -> 0x2573
mem[X,0b0000000000000000000001000000001010] -> 0xF140
[2] [M]: 0x00001008 (0xF1402573) csrrs a0, mhartid, zero
CSR mhartid -> 0x00000000
x10 <- 0x00000000
mem[X,0b0000000000000000000001000000001100] -> 0xA283
mem[X,0b0000000000000000000001000000001110] -> 0x0182
[3] [M]: 0x0000100C (0x0182A283) lw t0, 0x18(t0)
mem[R,0b0000000000000000000001000000011000] -> 0x80000000
x5 <- 0x80000000
mem[X,0b0000000000000000000001000000010000] -> 0x8067
mem[X,0b0000000000000000000001000000010010] -> 0x0002
[4] [M]: 0x00001010 (0x00028067) jalr zero, 0x0(t0)
mem[X,0b0010000000000000000000000000000000] -> 0x52FD
[5] [M]: 0x80000000 (0x52FD) c.li t0, -0x1
x5 <- 0xFFFFFFFF
mem[X,0b0010000000000000000000000000000010] -> 0x9073
mem[X,0b0010000000000000000000000000000100] -> 0x3B02
[6] [M]: 0x80000002 (0x3B029073) csrrw zero, pmpaddr0, t0
CSR pmpaddr0 <- 0xFFFFFFFF (input: 0xFFFFFFFF)
mem[X,0b0010000000000000000000000000000110] -> 0x42BD
[7] [M]: 0x80000006 (0x42BD) c.li t0, 0xf
x5 <- 0x0000000F
mem[X,0b0010000000000000000000000000001000] -> 0x9073
mem[X,0b0010000000000000000000000000001010] -> 0x3A02
[8] [M]: 0x80000008 (0x3A029073) csrrw zero, pmpcfg0, t0
CSR pmpcfg0 <- 0x0000000F (input: 0x0000000F)
mem[X,0b0010000000000000000000000000001100] -> 0x0001
[9] [M]: 0x8000000C (0x0001) c.nop
mem[X,0b0010000000000000000000000000001110] -> 0x22F3
mem[X,0b0010000000000000000000000000010000] -> 0x3000
[10] [M]: 0x8000000E (0x300022F3) csrrs t0, mstatus, zero
CSR mstatus -> 0x00000000
x5 <- 0x00000000
mem[X,0b0010000000000000000000000000010010] -> 0x6309
[11] [M]: 0x80000012 (0x6309) c.lui t1, 0x2
x6 <- 0x00002000
mem[X,0b0010000000000000000000000000010100] -> 0x0313
mem[X,0b0010000000000000000000000000010110] -> 0x8003
[12] [M]: 0x80000014 (0x80030313) addi t1, t1, -0x800
x6 <- 0x00001800
mem[X,0b0010000000000000000000000000011000] -> 0x4393
mem[X,0b0010000000000000000000000000011010] -> 0xFFF3
[13] [M]: 0x80000018 (0xFFF34393) xori t2, t1, -0x1
x7 <- 0xFFFFE7FF
mem[X,0b0010000000000000000000000000011100] -> 0xF2B3
mem[X,0b0010000000000000000000000000011110] -> 0x0072
[14] [M]: 0x8000001C (0x0072F2B3) and t0, t0, t2
x5 <- 0x00000000
mem[X,0b0010000000000000000000000000100000] -> 0x6305
[15] [M]: 0x80000020 (0x6305) c.lui t1, 0x1
x6 <- 0x00001000
mem[X,0b0010000000000000000000000000100010] -> 0x0313
mem[X,0b0010000000000000000000000000100100] -> 0x8003
[16] [M]: 0x80000022 (0x80030313) addi t1, t1, -0x800
x6 <- 0x00000800
mem[X,0b0010000000000000000000000000100110] -> 0xE2B3
mem[X,0b0010000000000000000000000000101000] -> 0x0062
[17] [M]: 0x80000026 (0x0062E2B3) or t0, t0, t1
x5 <- 0x00000800
mem[X,0b0010000000000000000000000000101010] -> 0x9073
mem[X,0b0010000000000000000000000000101100] -> 0x3002
[18] [M]: 0x8000002A (0x30029073) csrrw zero, mstatus, t0
CSR mstatus <- 0x00000800 (input: 0x00000800)
mem[X,0b0010000000000000000000000000101110] -> 0x0297
mem[X,0b0010000000000000000000000000110000] -> 0x0000
[19] [M]: 0x8000002E (0x00000297) auipc t0, 0x0
x5 <- 0x8000002E
mem[X,0b0010000000000000000000000000110010] -> 0x8293
mem[X,0b0010000000000000000000000000110100] -> 0x0122
[20] [M]: 0x80000032 (0x01228293) addi t0, t0, 0x12
x5 <- 0x80000040
mem[X,0b0010000000000000000000000000110110] -> 0x9073
mem[X,0b0010000000000000000000000000111000] -> 0x3412
[21] [M]: 0x80000036 (0x34129073) csrrw zero, mepc, t0
CSR mepc <- 0x80000040 (input: 0x80000040)
mem[X,0b0010000000000000000000000000111010] -> 0x0073
mem[X,0b0010000000000000000000000000111100] -> 0x3020
[22] [M]: 0x8000003A (0x30200073) mret
CSR mstatus <- 0x0000000000000080
ret-ing from M to S
mem[X,0b0010000000000000000000000001000000] -> 0x0297
mem[X,0b0010000000000000000000000001000010] -> 0x0001
[23] [S]: 0x80000040 (0x00010297) auipc t0, 0x10
x5 <- 0x80010040
mem[X,0b0010000000000000000000000001000100] -> 0x8293
mem[X,0b0010000000000000000000000001000110] -> 0xFC02
[24] [S]: 0x80000044 (0xFC028293) addi t0, t0, -0x40
x5 <- 0x80010000
mem[X,0b0010000000000000000000000001001000] -> 0xD313
mem[X,0b0010000000000000000000000001001010] -> 0x00C2
[25] [S]: 0x80000048 (0x00C2D313) srli t1, t0, 0xc
x6 <- 0x00080010
mem[X,0b0010000000000000000000000001001100] -> 0x43A1
[26] [S]: 0x8000004C (0x43A1) c.li t2, 0x8
x7 <- 0x00000008
mem[X,0b0010000000000000000000000001001110] -> 0x03FE
[27] [S]: 0x8000004E (0x03FE) c.slli t2, 0x1f
x7 <- 0x00000000
mem[X,0b0010000000000000000000000001010000] -> 0x6333
mem[X,0b0010000000000000000000000001010010] -> 0x0073
[28] [S]: 0x80000050 (0x00736333) or t1, t1, t2
x6 <- 0x00080010
mem[X,0b0010000000000000000000000001010100] -> 0x829A
[29] [S]: 0x80000054 (0x829A) c.mv t0, t1
x5 <- 0x00080010
mem[X,0b0010000000000000000000000001010110] -> 0x9073
mem[X,0b0010000000000000000000000001011000] -> 0x1802
[30] [S]: 0x80000056 (0x18029073) csrrw zero, satp, t0
CSR satp <- 0x00080010 (input: 0x00080010)
mem[X,0b0010000000000000000000000001011010] -> 0x02B7
mem[X,0b0010000000000000000000000001011100] -> 0x9000
[31] [S]: 0x8000005A (0x900002B7) lui t0, -0x70000
x5 <- 0x90000000
mem[X,0b0010000000000000000000000001011110] -> 0x8293
mem[X,0b0010000000000000000000000001100000] -> 0x3002
[32] [S]: 0x8000005E (0x30028293) addi t0, t0, 0x300
x5 <- 0x90000300
mem[X,0b0010000000000000000000000001100010] -> 0x0313
mem[X,0b0010000000000000000000000001100100] -> 0x02A0
[33] [S]: 0x80000062 (0x02A00313) addi t1, zero, 0x2a
x6 <- 0x0000002A
mem[X,0b0010000000000000000000000001100110] -> 0xA023
mem[X,0b0010000000000000000000000001101000] -> 0x0062
[34] [S]: 0x80000066 (0x0062A023) sw t1, 0x0(t0)
mem[0b0010010000000000000000001100000000] <- 0x0000002A
mem[X,0b0010000000000000000000000001101010] -> 0x0297
mem[X,0b0010000000000000000000000001101100] -> 0x0000
[35] [S]: 0x8000006A (0x00000297) auipc t0, 0x0
x5 <- 0x8000006A
mem[X,0b0010000000000000000000000001101110] -> 0x8293
mem[X,0b0010000000000000000000000001110000] -> 0x0102
[36] [S]: 0x8000006E (0x01028293) addi t0, t0, 0x10
x5 <- 0x8000007A
mem[X,0b0010000000000000000000000001110010] -> 0x0337
mem[X,0b0010000000000000000000000001110100] -> 0x1000
[37] [S]: 0x80000072 (0x10000337) lui t1, 0x10000
x6 <- 0x10000000
mem[X,0b0010000000000000000000000001110110] -> 0x929A
[38] [S]: 0x80000076 (0x929A) c.add t0, t1
x5 <- 0x9000007A
mem[X,0b0010000000000000000000000001111000] -> 0x8282
[39] [S]: 0x80000078 (0x8282) c.jr t0
mem[X,0b0010010000000000000000000001111010] -> 0x0000
[40] [S]: 0x9000007A (0x0000) c.illegal 0x0
trapping from S to M to handle illegal-instruction
handling exc#0x02 at priv M with tval 0x00000000
